e:\projects_r0_x32\secondprocess\win7debug\secondprocess.sys
e:\projects_r0_x32\secondprocess\secondprocess\win7debug\secondprocess.inf
e:\projects_r0_x32\secondprocess\secondprocess\win7debug\idt.tmh
e:\projects_r0_x32\secondprocess\secondprocess\win7debug\paeaddr.tmh
e:\projects_r0_x32\secondprocess\secondprocess\win7debug\ssdt.tmh
e:\projects_r0_x32\secondprocess\secondprocess\win7debug\common.tmh
e:\projects_r0_x32\secondprocess\secondprocess\win7debug\debugport.tmh
e:\projects_r0_x32\secondprocess\secondprocess\win7debug\feature_code.tmh
e:\projects_r0_x32\secondprocess\secondprocess\win7debug\hook_dbgfunction.tmh
e:\projects_r0_x32\secondprocess\secondprocess\win7debug\hook_kfunction.tmh
e:\projects_r0_x32\secondprocess\secondprocess\win7debug\kernel_function.tmh
e:\projects_r0_x32\secondprocess\secondprocess\win7debug\kernel_object.tmh
e:\projects_r0_x32\secondprocess\secondprocess\win7debug\kernelfun_rewrite.tmh
e:\projects_r0_x32\secondprocess\secondprocess\win7debug\main.tmh
e:\projects_r0_x32\secondprocess\secondprocess\win7debug\process.tmh
e:\projects_r0_x32\secondprocess\secondprocess\win7debug\vc120.pdb
e:\projects_r0_x32\secondprocess\secondprocess\win7debug\kernel_object.obj
e:\projects_r0_x32\secondprocess\secondprocess\win7debug\kernel_function.obj
e:\projects_r0_x32\secondprocess\secondprocess\win7debug\kernelfun_rewrite.obj
e:\projects_r0_x32\secondprocess\secondprocess\win7debug\idt.obj
e:\projects_r0_x32\secondprocess\secondprocess\win7debug\hook_kfunction.obj
e:\projects_r0_x32\secondprocess\secondprocess\win7debug\hook_dbgfunction.obj
e:\projects_r0_x32\secondprocess\secondprocess\win7debug\feature_code.obj
e:\projects_r0_x32\secondprocess\secondprocess\win7debug\debugport.obj
e:\projects_r0_x32\secondprocess\secondprocess\win7debug\common.obj
e:\projects_r0_x32\secondprocess\secondprocess\win7debug\main.obj
e:\projects_r0_x32\secondprocess\secondprocess\win7debug\ssdt.obj
e:\projects_r0_x32\secondprocess\secondprocess\win7debug\process.obj
e:\projects_r0_x32\secondprocess\secondprocess\win7debug\paeaddr.obj
e:\projects_r0_x32\secondprocess\win7debug\secondprocess.pdb
e:\projects_r0_x32\secondprocess\win7debug\secondprocess.cer
e:\projects_r0_x32\secondprocess\win7debug\secondprocess.inf
e:\projects_r0_x32\secondprocess\secondprocess\win7debug\signtool.command.1.tlog
e:\projects_r0_x32\secondprocess\secondprocess\win7debug\signtool.read.1.tlog
e:\projects_r0_x32\secondprocess\secondprocess\win7debug\signtool.write.1.tlog
e:\projects_r0_x32\secondprocess\secondprocess\win7debug\stampinf.command.1.tlog
e:\projects_r0_x32\secondprocess\secondprocess\win7debug\stampinf.read.1.tlog
e:\projects_r0_x32\secondprocess\secondprocess\win7debug\stampinf.write.1.tlog
e:\projects_r0_x32\secondprocess\secondprocess\win7debug\tracewpp.command.1.tlog
e:\projects_r0_x32\secondprocess\secondprocess\win7debug\tracewpp.read.1.tlog
e:\projects_r0_x32\secondprocess\secondprocess\win7debug\tracewpp.write.1.tlog
e:\projects_r0_x32\secondprocess\secondprocess\win7debug\secondprocess.tlog\cl.command.1.tlog
e:\projects_r0_x32\secondprocess\secondprocess\win7debug\secondprocess.tlog\cl.read.1.tlog
e:\projects_r0_x32\secondprocess\secondprocess\win7debug\secondprocess.tlog\cl.write.1.tlog
e:\projects_r0_x32\secondprocess\secondprocess\win7debug\secondprocess.tlog\link.command.1.tlog
e:\projects_r0_x32\secondprocess\secondprocess\win7debug\secondprocess.tlog\link.read.1.tlog
e:\projects_r0_x32\secondprocess\secondprocess\win7debug\secondprocess.tlog\link.write.1.tlog
